2024-02-07 14:06:11,121 - INFO - ********************************* DB SCHEMAS COMPARISON STARTED... *********************************
2024-02-07 14:06:11,121 - INFO - ************************************* DB ENGINE - postgres... **************************************
2024-02-07 14:06:11,121 - CRITICAL - [ ! ] Make sure there's no confidential information in the log.
2024-02-07 14:06:11,235 - INFO - *********************************************** DB1 ************************************************
2024-02-07 14:06:11,236 - INFO - TABLES
2024-02-07 14:06:11,236 - INFO - [!] Objects found, totally: 
2024-02-07 14:06:11,236 - INFO - 234
2024-02-07 14:06:11,236 - INFO - [i] Exclusive objects:
2024-02-07 14:06:11,236 - INFO - * not found *
2024-02-07 14:06:11,236 - INFO - *********************************************** DB2 ************************************************
2024-02-07 14:06:11,236 - INFO - TABLES
2024-02-07 14:06:11,236 - INFO - [!] Objects found, totally: 
2024-02-07 14:06:11,236 - INFO - 235
2024-02-07 14:06:11,236 - INFO - [i] Exclusive objects:
2024-02-07 14:06:11,236 - INFO - BASE TABLE_public.language_2
2024-02-07 14:06:11,236 - INFO - 

2024-02-07 14:06:11,475 - INFO - *********************************************** DB1 ************************************************
2024-02-07 14:06:11,475 - INFO - FUNCTIONS
2024-02-07 14:06:11,475 - INFO - [!] Objects found, totally: 
2024-02-07 14:06:11,475 - INFO - 11
2024-02-07 14:06:11,475 - INFO - [i] Exclusive objects:
2024-02-07 14:06:11,475 - INFO - FUNCTION_public.inventory_in_stock
2024-02-07 14:06:11,475 - INFO - *********************************************** DB2 ************************************************
2024-02-07 14:06:11,475 - INFO - FUNCTIONS
2024-02-07 14:06:11,475 - INFO - [!] Objects found, totally: 
2024-02-07 14:06:11,475 - INFO - 10
2024-02-07 14:06:11,475 - INFO - [i] Exclusive objects:
2024-02-07 14:06:11,475 - INFO - * not found *
2024-02-07 14:06:11,475 - INFO - 

2024-02-07 14:06:11,599 - INFO - *********************************************** DB1 ************************************************
2024-02-07 14:06:11,599 - INFO - PROCEDURES
2024-02-07 14:06:11,600 - INFO - [!] Objects found, totally: 
2024-02-07 14:06:11,600 - WARNING - 0
2024-02-07 14:06:11,600 - INFO - [i] Exclusive objects:
2024-02-07 14:06:11,600 - INFO - * not found *
2024-02-07 14:06:11,600 - INFO - *********************************************** DB2 ************************************************
2024-02-07 14:06:11,600 - INFO - PROCEDURES
2024-02-07 14:06:11,600 - INFO - [!] Objects found, totally: 
2024-02-07 14:06:11,600 - WARNING - 0
2024-02-07 14:06:11,600 - INFO - [i] Exclusive objects:
2024-02-07 14:06:11,600 - INFO - * not found *
2024-02-07 14:06:11,600 - INFO - 

2024-02-07 14:06:11,742 - INFO - *********************************************** DB1 ************************************************
2024-02-07 14:06:11,742 - INFO - DB_TRIGGERS
2024-02-07 14:06:11,742 - INFO - [!] Objects found, totally: 
2024-02-07 14:06:11,742 - WARNING - 0
2024-02-07 14:06:11,742 - INFO - [i] Exclusive objects:
2024-02-07 14:06:11,742 - INFO - * not found *
2024-02-07 14:06:11,742 - INFO - *********************************************** DB2 ************************************************
2024-02-07 14:06:11,742 - INFO - DB_TRIGGERS
2024-02-07 14:06:11,742 - INFO - [!] Objects found, totally: 
2024-02-07 14:06:11,743 - WARNING - 0
2024-02-07 14:06:11,743 - INFO - [i] Exclusive objects:
2024-02-07 14:06:11,743 - INFO - * not found *
2024-02-07 14:06:11,743 - INFO - 

2024-02-07 14:06:11,863 - INFO - *********************************************** DB1 ************************************************
2024-02-07 14:06:11,863 - INFO - TABLE_TRIGGERS
2024-02-07 14:06:11,863 - INFO - [!] Objects found, totally: 
2024-02-07 14:06:11,863 - INFO - 16
2024-02-07 14:06:11,863 - INFO - [i] Exclusive objects:
2024-02-07 14:06:11,863 - INFO - * not found *
2024-02-07 14:06:11,863 - INFO - *********************************************** DB2 ************************************************
2024-02-07 14:06:11,863 - INFO - TABLE_TRIGGERS
2024-02-07 14:06:11,863 - INFO - [!] Objects found, totally: 
2024-02-07 14:06:11,863 - INFO - 17
2024-02-07 14:06:11,863 - INFO - [i] Exclusive objects:
2024-02-07 14:06:11,863 - INFO - TABLE_TRIGGER_public.actor.last_updated.UPDATE.EXECUTE FUNCTION last_updated()
2024-02-07 14:06:11,863 - INFO - 

2024-02-07 14:06:11,959 - INFO - *********************************************** DB1 ************************************************
2024-02-07 14:06:11,960 - INFO - TYPES
2024-02-07 14:06:11,960 - INFO - [!] Objects found, totally: 
2024-02-07 14:06:11,960 - INFO - 667
2024-02-07 14:06:11,960 - INFO - [i] Exclusive objects:
2024-02-07 14:06:11,960 - INFO - * not found *
2024-02-07 14:06:11,960 - INFO - *********************************************** DB2 ************************************************
2024-02-07 14:06:11,960 - INFO - TYPES
2024-02-07 14:06:11,960 - INFO - [!] Objects found, totally: 
2024-02-07 14:06:11,960 - INFO - 669
2024-02-07 14:06:11,960 - INFO - [i] Exclusive objects:
2024-02-07 14:06:11,960 - INFO - TYPECATEGORY__language_2.Array
2024-02-07 14:06:11,960 - INFO - TYPECATEGORY_language_2.Composite
2024-02-07 14:06:11,960 - INFO - 

2024-02-07 14:06:12,062 - INFO - *********************************************** DB1 ************************************************
2024-02-07 14:06:12,062 - INFO - INDEXES_PK
2024-02-07 14:06:12,062 - INFO - [!] Objects found, totally: 
2024-02-07 14:06:12,062 - INFO - 18
2024-02-07 14:06:12,062 - INFO - [i] Exclusive objects:
2024-02-07 14:06:12,062 - INFO - INDEX_public.actor.actor_pkey
2024-02-07 14:06:12,062 - INFO - *********************************************** DB2 ************************************************
2024-02-07 14:06:12,062 - INFO - INDEXES_PK
2024-02-07 14:06:12,062 - INFO - [!] Objects found, totally: 
2024-02-07 14:06:12,062 - INFO - 17
2024-02-07 14:06:12,062 - INFO - [i] Exclusive objects:
2024-02-07 14:06:12,062 - INFO - * not found *
2024-02-07 14:06:12,062 - INFO - 

2024-02-07 14:06:12,169 - INFO - *********************************************** DB1 ************************************************
2024-02-07 14:06:12,169 - INFO - INDEXES
2024-02-07 14:06:12,169 - INFO - [!] Objects found, totally: 
2024-02-07 14:06:12,169 - INFO - 139
2024-02-07 14:06:12,169 - INFO - [i] Exclusive objects:
2024-02-07 14:06:12,169 - INFO - INDEX_public.customer.idx_last_name
2024-02-07 14:06:12,169 - INFO - INDEX_public.payment.idx_fk_rental_id
2024-02-07 14:06:12,169 - INFO - *********************************************** DB2 ************************************************
2024-02-07 14:06:12,169 - INFO - INDEXES
2024-02-07 14:06:12,169 - INFO - [!] Objects found, totally: 
2024-02-07 14:06:12,169 - INFO - 137
2024-02-07 14:06:12,169 - INFO - [i] Exclusive objects:
2024-02-07 14:06:12,169 - INFO - * not found *
2024-02-07 14:06:12,169 - INFO - 

2024-02-07 14:06:12,281 - INFO - *********************************************** DB1 ************************************************
2024-02-07 14:06:12,281 - INFO - SEQUENCES
2024-02-07 14:06:12,281 - INFO - [!] Objects found, totally: 
2024-02-07 14:06:12,281 - INFO - 17
2024-02-07 14:06:12,281 - INFO - [i] Exclusive objects:
2024-02-07 14:06:12,281 - INFO - * not found *
2024-02-07 14:06:12,282 - INFO - *********************************************** DB2 ************************************************
2024-02-07 14:06:12,282 - INFO - SEQUENCES
2024-02-07 14:06:12,282 - INFO - [!] Objects found, totally: 
2024-02-07 14:06:12,282 - INFO - 17
2024-02-07 14:06:12,282 - INFO - [i] Exclusive objects:
2024-02-07 14:06:12,282 - INFO - * not found *
2024-02-07 14:06:12,282 - INFO - 

2024-02-07 14:06:12,381 - INFO - *********************************************** DB1 ************************************************
2024-02-07 14:06:12,381 - INFO - TABLESPACES
2024-02-07 14:06:12,381 - INFO - [!] Objects found, totally: 
2024-02-07 14:06:12,381 - INFO - 2
2024-02-07 14:06:12,381 - INFO - [i] Exclusive objects:
2024-02-07 14:06:12,381 - INFO - * not found *
2024-02-07 14:06:12,381 - INFO - *********************************************** DB2 ************************************************
2024-02-07 14:06:12,381 - INFO - TABLESPACES
2024-02-07 14:06:12,381 - INFO - [!] Objects found, totally: 
2024-02-07 14:06:12,381 - INFO - 2
2024-02-07 14:06:12,381 - INFO - [i] Exclusive objects:
2024-02-07 14:06:12,381 - INFO - * not found *
2024-02-07 14:06:12,381 - INFO - 

2024-02-07 14:06:12,478 - INFO - *********************************************** DB1 ************************************************
2024-02-07 14:06:12,478 - INFO - ROLES
2024-02-07 14:06:12,479 - INFO - [!] Objects found, totally: 
2024-02-07 14:06:12,479 - INFO - 17
2024-02-07 14:06:12,479 - INFO - [i] Exclusive objects:
2024-02-07 14:06:12,479 - INFO - * not found *
2024-02-07 14:06:12,479 - INFO - *********************************************** DB2 ************************************************
2024-02-07 14:06:12,479 - INFO - ROLES
2024-02-07 14:06:12,479 - INFO - [!] Objects found, totally: 
2024-02-07 14:06:12,479 - INFO - 17
2024-02-07 14:06:12,479 - INFO - [i] Exclusive objects:
2024-02-07 14:06:12,479 - INFO - * not found *
2024-02-07 14:06:12,479 - INFO - 

2024-02-07 14:06:12,585 - INFO - *********************************************** DB1 ************************************************
2024-02-07 14:06:12,585 - INFO - CONSTRAINTS
2024-02-07 14:06:12,585 - INFO - [!] Objects found, totally: 
2024-02-07 14:06:12,585 - INFO - 148
2024-02-07 14:06:12,585 - INFO - [i] Exclusive objects:
2024-02-07 14:06:12,585 - INFO - CONSTRAINT_public.film_actor.film_actor_actor_id_fkey
2024-02-07 14:06:12,585 - INFO - CONSTRAINT_public.actor.check_first_name
2024-02-07 14:06:12,585 - INFO - CONSTRAINT_public.actor.actor_pkey
2024-02-07 14:06:12,585 - INFO - *********************************************** DB2 ************************************************
2024-02-07 14:06:12,585 - INFO - CONSTRAINTS
2024-02-07 14:06:12,585 - INFO - [!] Objects found, totally: 
2024-02-07 14:06:12,585 - INFO - 145
2024-02-07 14:06:12,585 - INFO - [i] Exclusive objects:
2024-02-07 14:06:12,585 - INFO - * not found *
2024-02-07 14:06:12,585 - INFO - 

2024-02-07 14:06:12,732 - INFO - *********************************************** DB1 ************************************************
2024-02-07 14:06:12,732 - INFO - COLUMNS
2024-02-07 14:06:12,732 - INFO - [!] Objects found, totally: 
2024-02-07 14:06:12,732 - INFO - 2191
2024-02-07 14:06:12,732 - INFO - [i] Exclusive objects:
2024-02-07 14:06:12,732 - INFO - COLUMN_TYPE_public.city.country_id.smallint.NULLable:NO
2024-02-07 14:06:12,733 - INFO - *********************************************** DB2 ************************************************
2024-02-07 14:06:12,733 - INFO - COLUMNS
2024-02-07 14:06:12,733 - INFO - [!] Objects found, totally: 
2024-02-07 14:06:12,733 - INFO - 2194
2024-02-07 14:06:12,733 - INFO - [i] Exclusive objects:
2024-02-07 14:06:12,733 - INFO - COLUMN_TYPE_public.city.country_id.smallint.NULLable:YES
2024-02-07 14:06:12,733 - INFO - COLUMN_TYPE_public.language_2.language_id.integer.NULLable:YES
2024-02-07 14:06:12,733 - INFO - COLUMN_TYPE_public.language_2.last_update.timestamp without time zone.NULLable:YES
2024-02-07 14:06:12,733 - INFO - COLUMN_TYPE_public.language_2.name.character.NULLable:YES
2024-02-07 14:06:12,733 - INFO - 

2024-02-07 14:06:12,782 - INFO - [i] The DB connection to the DB 'DVDRENTAL' is closed
2024-02-07 14:06:12,782 - INFO - ================================================...=================================================

2024-02-07 14:06:12,836 - INFO - [i] The DB connection to the DB 'DVDRENTAL_3' is closed
2024-02-07 14:06:12,836 - INFO - ================================================...=================================================

2024-02-07 14:06:12,836 - INFO - *********************************************** DB1 ************************************************
2024-02-07 14:06:12,836 - INFO - SCHEMAS
2024-02-07 14:06:12,836 - INFO - [!] Objects found, totally: 
2024-02-07 14:06:12,836 - INFO - 4
2024-02-07 14:06:12,836 - INFO - [i] Exclusive objects:
2024-02-07 14:06:12,836 - INFO - * not found *
2024-02-07 14:06:12,836 - INFO - *********************************************** DB2 ************************************************
2024-02-07 14:06:12,836 - INFO - SCHEMAS
2024-02-07 14:06:12,836 - INFO - [!] Objects found, totally: 
2024-02-07 14:06:12,836 - INFO - 4
2024-02-07 14:06:12,837 - INFO - [i] Exclusive objects:
2024-02-07 14:06:12,837 - INFO - * not found *
2024-02-07 14:06:12,837 - INFO - 

